<?xml version="1.0" encoding="UTF-8"?>
<!-- Generated by org.testng.reporters.JUnitXMLReporter -->
<testsuite ignored="0" hostname="Jagdish" failures="0" tests="3" name="Default test" time="10.892" errors="0" timestamp="2023-09-07T13:29:18 IST">
  <testcase classname="com.nopcommerce.testcases.HomePageTest" name="verifyPageTitle" time="0.023"/>
  <testcase classname="com.nopcommerce.testcases.HomePageTest" name="verifyLogo" time="0.041"/>
  <testcase classname="com.nopcommerce.testcases.HomePageTest" name="verifyProductSearchFunctionality" time="1.901"/>
</testsuite> <!-- Default test -->
