<?xml version="1.0" encoding="UTF-8"?>
<!-- Generated by org.testng.reporters.JUnitXMLReporter -->
<testsuite ignored="0" hostname="Jagdish" failures="0" tests="6" name="Test" time="39.318" errors="0" timestamp="2023-09-07T15:12:26 IST">
  <testcase classname="com.nopcommerce.testcases.CartPageTest" name="verifyProductTotalPrice" time="2.73"/>
  <testcase classname="com.nopcommerce.testcases.ProductDetailsPageTest" name="verifyProductNameAndProductPrice" time="4.648"/>
  <testcase classname="com.nopcommerce.testcases.ProductDetailsPageTest" name="verifyAddToCartFunctionality" time="7.489"/>
  <testcase classname="com.nopcommerce.testcases.HomePageTest" name="verifyPageTitle" time="0.005"/>
  <testcase classname="com.nopcommerce.testcases.HomePageTest" name="verifyLogo" time="0.033"/>
  <testcase classname="com.nopcommerce.testcases.HomePageTest" name="verifyProductSearchFunctionality" time="2.755"/>
</testsuite> <!-- Test -->
