<?xml version="1.0" encoding="UTF-8"?>
<testng-results ignored="0" total="6" passed="6" failed="0" skipped="0">
  <reporter-output>
  </reporter-output>
  <suite started-at="2023-09-07T15:11:47 IST" name="Suite" finished-at="2023-09-07T15:12:26 IST" duration-ms="39318">
    <groups>
    </groups>
    <test started-at="2023-09-07T15:11:47 IST" name="Test" finished-at="2023-09-07T15:12:26 IST" duration-ms="39318">
      <class name="com.nopcommerce.testcases.ProductDetailsPageTest">
        <test-method is-config="true" signature="launchApplication()[pri:0, instance:com.nopcommerce.testcases.ProductDetailsPageTest@4ee203eb]" started-at="2023-09-07T15:11:53 IST" name="launchApplication" finished-at="2023-09-07T15:11:59 IST" duration-ms="5568" status="PASS">
          <reporter-output>
          </reporter-output>
        </test-method> <!-- launchApplication -->
        <test-method signature="verifyProductNameAndProductPrice()[pri:1, instance:com.nopcommerce.testcases.ProductDetailsPageTest@4ee203eb]" started-at="2023-09-07T15:11:59 IST" name="verifyProductNameAndProductPrice" finished-at="2023-09-07T15:12:04 IST" duration-ms="4648" status="PASS">
          <reporter-output>
          </reporter-output>
        </test-method> <!-- verifyProductNameAndProductPrice -->
        <test-method is-config="true" signature="tearDown()[pri:0, instance:com.nopcommerce.testcases.ProductDetailsPageTest@4ee203eb]" started-at="2023-09-07T15:12:04 IST" name="tearDown" finished-at="2023-09-07T15:12:04 IST" duration-ms="83" status="PASS">
          <reporter-output>
          </reporter-output>
        </test-method> <!-- tearDown -->
        <test-method is-config="true" signature="launchApplication()[pri:0, instance:com.nopcommerce.testcases.ProductDetailsPageTest@4ee203eb]" started-at="2023-09-07T15:12:04 IST" name="launchApplication" finished-at="2023-09-07T15:12:06 IST" duration-ms="2851" status="PASS">
          <reporter-output>
          </reporter-output>
        </test-method> <!-- launchApplication -->
        <test-method signature="verifyAddToCartFunctionality()[pri:2, instance:com.nopcommerce.testcases.ProductDetailsPageTest@4ee203eb]" started-at="2023-09-07T15:12:06 IST" name="verifyAddToCartFunctionality" finished-at="2023-09-07T15:12:14 IST" duration-ms="7489" status="PASS">
          <reporter-output>
          </reporter-output>
        </test-method> <!-- verifyAddToCartFunctionality -->
        <test-method is-config="true" signature="tearDown()[pri:0, instance:com.nopcommerce.testcases.ProductDetailsPageTest@4ee203eb]" started-at="2023-09-07T15:12:14 IST" name="tearDown" finished-at="2023-09-07T15:12:14 IST" duration-ms="115" status="PASS">
          <reporter-output>
          </reporter-output>
        </test-method> <!-- tearDown -->
      </class> <!-- com.nopcommerce.testcases.ProductDetailsPageTest -->
      <class name="com.nopcommerce.testcases.HomePageTest">
        <test-method is-config="true" signature="launchApplication()[pri:0, instance:com.nopcommerce.testcases.HomePageTest@1a5a4e19]" started-at="2023-09-07T15:12:14 IST" name="launchApplication" finished-at="2023-09-07T15:12:16 IST" duration-ms="1859" status="PASS">
          <reporter-output>
          </reporter-output>
        </test-method> <!-- launchApplication -->
        <test-method signature="verifyPageTitle()[pri:1, instance:com.nopcommerce.testcases.HomePageTest@1a5a4e19]" started-at="2023-09-07T15:12:16 IST" name="verifyPageTitle" finished-at="2023-09-07T15:12:16 IST" duration-ms="5" status="PASS">
          <reporter-output>
          </reporter-output>
        </test-method> <!-- verifyPageTitle -->
        <test-method is-config="true" signature="tearDown()[pri:0, instance:com.nopcommerce.testcases.HomePageTest@1a5a4e19]" started-at="2023-09-07T15:12:16 IST" name="tearDown" finished-at="2023-09-07T15:12:16 IST" duration-ms="75" status="PASS">
          <reporter-output>
          </reporter-output>
        </test-method> <!-- tearDown -->
        <test-method is-config="true" signature="launchApplication()[pri:0, instance:com.nopcommerce.testcases.HomePageTest@1a5a4e19]" started-at="2023-09-07T15:12:16 IST" name="launchApplication" finished-at="2023-09-07T15:12:19 IST" duration-ms="2568" status="PASS">
          <reporter-output>
          </reporter-output>
        </test-method> <!-- launchApplication -->
        <test-method signature="verifyLogo()[pri:2, instance:com.nopcommerce.testcases.HomePageTest@1a5a4e19]" started-at="2023-09-07T15:12:19 IST" name="verifyLogo" finished-at="2023-09-07T15:12:19 IST" duration-ms="33" status="PASS">
          <reporter-output>
          </reporter-output>
        </test-method> <!-- verifyLogo -->
        <test-method is-config="true" signature="tearDown()[pri:0, instance:com.nopcommerce.testcases.HomePageTest@1a5a4e19]" started-at="2023-09-07T15:12:19 IST" name="tearDown" finished-at="2023-09-07T15:12:19 IST" duration-ms="83" status="PASS">
          <reporter-output>
          </reporter-output>
        </test-method> <!-- tearDown -->
        <test-method is-config="true" signature="launchApplication()[pri:0, instance:com.nopcommerce.testcases.HomePageTest@1a5a4e19]" started-at="2023-09-07T15:12:19 IST" name="launchApplication" finished-at="2023-09-07T15:12:23 IST" duration-ms="4467" status="PASS">
          <reporter-output>
          </reporter-output>
        </test-method> <!-- launchApplication -->
        <test-method signature="verifyProductSearchFunctionality()[pri:3, instance:com.nopcommerce.testcases.HomePageTest@1a5a4e19]" started-at="2023-09-07T15:12:23 IST" name="verifyProductSearchFunctionality" finished-at="2023-09-07T15:12:26 IST" duration-ms="2755" status="PASS">
          <reporter-output>
          </reporter-output>
        </test-method> <!-- verifyProductSearchFunctionality -->
        <test-method is-config="true" signature="tearDown()[pri:0, instance:com.nopcommerce.testcases.HomePageTest@1a5a4e19]" started-at="2023-09-07T15:12:26 IST" name="tearDown" finished-at="2023-09-07T15:12:26 IST" duration-ms="87" status="PASS">
          <reporter-output>
          </reporter-output>
        </test-method> <!-- tearDown -->
      </class> <!-- com.nopcommerce.testcases.HomePageTest -->
      <class name="com.nopcommerce.testcases.CartPageTest">
        <test-method is-config="true" signature="launchApplication()[pri:0, instance:com.nopcommerce.testcases.CartPageTest@7486b455]" started-at="2023-09-07T15:11:47 IST" name="launchApplication" finished-at="2023-09-07T15:11:50 IST" duration-ms="3706" status="PASS">
          <reporter-output>
          </reporter-output>
        </test-method> <!-- launchApplication -->
        <test-method signature="verifyProductTotalPrice()[pri:0, instance:com.nopcommerce.testcases.CartPageTest@7486b455]" started-at="2023-09-07T15:11:50 IST" name="verifyProductTotalPrice" finished-at="2023-09-07T15:11:53 IST" duration-ms="2730" status="PASS">
          <reporter-output>
          </reporter-output>
        </test-method> <!-- verifyProductTotalPrice -->
        <test-method is-config="true" signature="tearDown()[pri:0, instance:com.nopcommerce.testcases.CartPageTest@7486b455]" started-at="2023-09-07T15:11:53 IST" name="tearDown" finished-at="2023-09-07T15:11:53 IST" duration-ms="123" status="PASS">
          <reporter-output>
          </reporter-output>
        </test-method> <!-- tearDown -->
      </class> <!-- com.nopcommerce.testcases.CartPageTest -->
    </test> <!-- Test -->
  </suite> <!-- Suite -->
</testng-results>
